
> server@1.0.0 start
> node index.js

[dotenv@17.2.3] injecting env (7) from .env -- tip: 🔐 encrypt with Dotenvx: https://dotenvx.com
[dotenv@17.2.3] injecting env (0) from .env -- tip: 🔐 encrypt with Dotenvx: https://dotenvx.com
Server running on http://localhost:5011
MongoDB Connected
[0mGET /api/notifications [36m304[0m 369.781 ms - -[0m
[0mGET /api/notifications [36m304[0m 1584.700 ms - -[0m
[0mGET /api/notifications [36m304[0m 34.995 ms - -[0m
[0mGET /api/notifications [36m304[0m 48.488 ms - -[0m
[0mGET /api/notifications [36m304[0m 42.018 ms - -[0m
[0mGET /api/notifications [36m304[0m 34.227 ms - -[0m
[0mGET /api/notifications [36m304[0m 41.291 ms - -[0m
[0mGET /api/notifications [36m304[0m 34.748 ms - -[0m
[0mPOST /api/auth/login [32m200[0m 179.971 ms - 307[0m
[0mGET /api/notifications [32m200[0m 295.568 ms - 1297[0m
[0mGET /api/notifications [36m304[0m 35.969 ms - -[0m
[Get Liked] Request for user: 695b56ef99d2029401e2cab2
[Get Liked] Found 3 items
[0mGET /api/shayari/liked [32m200[0m 38.970 ms - 1326[0m
[Get Liked] Request for user: 695b56ef99d2029401e2cab2
[Get Liked] Found 3 items
[0mGET /api/shayari/liked [36m304[0m 37.222 ms - -[0m
[0mGET /api/notifications [36m304[0m 36.647 ms - -[0m
[0mGET /api/notifications [36m304[0m 35.663 ms - -[0m
Request received: {
  mood: 'Romantic',
  purpose: 'Love',
  personality: 'Poetic',
  depth: 'Deep'
}
Auto-published to feed: new ObjectId('695cca34c7010ed76f8db355')
[0mPOST /api/shayari/generate [32m200[0m 6418.039 ms - 486[0m
[0mGET /api/notifications [36m304[0m 37.030 ms - -[0m
Request received: {
  mood: 'Romantic',
  purpose: 'Love',
  personality: 'Poetic',
  depth: 'Deep'
}
Auto-published to feed: new ObjectId('695cca5dc7010ed76f8db358')
[0mPOST /api/shayari/generate [32m200[0m 7146.146 ms - 277[0m
[0mGET /api/notifications [36m304[0m 35.459 ms - -[0m
[0mGET /api/notifications [36m304[0m 35.864 ms - -[0m
Request received: {
  mood: 'Romantic',
  purpose: 'Love',
  personality: 'Emotional',
  depth: 'Deep'
}
Auto-published to feed: new ObjectId('695cca75c7010ed76f8db35c')
[0mPOST /api/shayari/generate [32m200[0m 5844.583 ms - 434[0m
[0mGET /api/notifications [36m304[0m 35.688 ms - -[0m
[0mGET /api/notifications [36m304[0m 54.478 ms - -[0m
[0mGET /api/notifications [36m304[0m 37.053 ms - -[0m
Request received: {
  mood: 'Romantic',
  purpose: 'Love',
  personality: 'Emotional',
  depth: 'Light'
}
Auto-published to feed: new ObjectId('695ccaadc7010ed76f8db361')
[0mPOST /api/shayari/generate [32m200[0m 8045.662 ms - 221[0m
[0mGET /api/notifications [36m304[0m 37.308 ms - -[0m
[0mGET /api/notifications [36m304[0m 40.345 ms - -[0m
[0mGET /api/notifications [36m304[0m 36.430 ms - -[0m
[0mGET /api/notifications [36m304[0m 36.098 ms - -[0m
[0mGET /api/notifications [36m304[0m 45.998 ms - -[0m
[0mGET /api/notifications [36m304[0m 44.358 ms - -[0m
[0mGET /api/notifications [36m304[0m 36.839 ms - -[0m
[0mGET /api/notifications [36m304[0m 418.860 ms - -[0m
[0mGET /api/notifications [36m304[0m 45.883 ms - -[0m
[Get Liked] Request for user: 695b56ef99d2029401e2cab2
[Get Liked] Found 3 items
[0mGET /api/shayari/liked [36m304[0m 44.901 ms - -[0m
[Get Liked] Request for user: 695b56ef99d2029401e2cab2
[Get Liked] Found 3 items
[0mGET /api/shayari/liked [36m304[0m 44.227 ms - -[0m
[0mGET /api/notifications [36m304[0m 46.858 ms - -[0m
[0mGET /api/notifications [36m304[0m 65.326 ms - -[0m
[0mGET /api/notifications [36m304[0m 45.162 ms - -[0m
[0mGET /api/notifications [36m304[0m 45.365 ms - -[0m
[0mGET /api/notifications [36m304[0m 45.224 ms - -[0m
[0mPOST /api/community/compose [32m200[0m 103.330 ms - 597[0m
[0mGET /api/notifications [36m304[0m 47.519 ms - -[0m
[0mGET /api/notifications [36m304[0m 42.209 ms - -[0m
[0mGET /api/notifications [36m304[0m 46.028 ms - -[0m
[0mGET /api/notifications [36m304[0m 41.653 ms - -[0m
[0mGET /api/notifications [36m304[0m 41.519 ms - -[0m
[0mPOST /api/community/compose [32m200[0m 95.789 ms - 597[0m
[Get Liked] Request for user: 695b56ef99d2029401e2cab2
[Get Liked] Found 3 items
[0mGET /api/shayari/liked [36m304[0m 33.336 ms - -[0m
[Get Liked] Request for user: 695b56ef99d2029401e2cab2
[0mGET /api/community/my-posts [32m200[0m 44.356 ms - 278[0m
[Get Liked] Found 3 items
[0mGET /api/shayari/liked [36m304[0m 34.008 ms - -[0m
[0mGET /api/community/my-posts [36m304[0m 45.255 ms - -[0m
[0mPOST /api/auth/login [32m200[0m 159.018 ms - 296[0m
[0mGET /api/notifications [32m200[0m 42.701 ms - 265[0m
[0mGET /api/notifications [36m304[0m 40.604 ms - -[0m
[AdminAuth] User ID: 695b8fdf9b7d8a466b8b2bc0, IsAdmin: true
[0mGET /api/community/pending [32m200[0m 92.059 ms - 1085[0m
[AdminAuth] User ID: 695b8fdf9b7d8a466b8b2bc0, IsAdmin: true
[0mGET /api/community/pending [36m304[0m 89.620 ms - -[0m
[AdminAuth] User ID: 695b8fdf9b7d8a466b8b2bc0, IsAdmin: true
[0mPUT /api/community/approve/695ccbf3c7010ed76f8db388 [32m200[0m 188.243 ms - 43[0m
[0mGET /api/notifications [32m200[0m 44.537 ms - 1538[0m
[AdminAuth] User ID: 695b8fdf9b7d8a466b8b2bc0, IsAdmin: true
[0mPUT /api/community/reject/695ccbdbc7010ed76f8db37d [32m200[0m 184.015 ms - 30[0m
[0mPUT /api/notifications/read-all [32m200[0m 61.629 ms - 46[0m
[0mGET /api/community/feed [32m200[0m 101.256 ms - 4923[0m
[0mGET /api/community/feed [36m304[0m 86.995 ms - -[0m
[0mGET /api/notifications [36m304[0m 43.947 ms - -[0m
[0mPOST /api/community/like/695ccbf3c7010ed76f8db388 [32m200[0m 92.018 ms - 28[0m
[0mGET /api/notifications [32m200[0m 44.744 ms - 1801[0m
[0mGET /api/notifications [36m304[0m 43.978 ms - -[0m
[0mGET /api/notifications [36m304[0m 44.930 ms - -[0m
[Get Liked] Request for user: 695b56ef99d2029401e2cab2
[Get Liked] Found 3 items
[0mGET /api/shayari/liked [36m304[0m 33.356 ms - -[0m
[Get Liked] Request for user: 695b56ef99d2029401e2cab2
[0mGET /api/community/my-posts [32m200[0m 41.552 ms - 847[0m
[Get Liked] Found 3 items
[0mGET /api/shayari/liked [36m304[0m 34.217 ms - -[0m
[0mGET /api/community/my-posts [36m304[0m 42.821 ms - -[0m
[0mGET /api/notifications [36m304[0m 52.284 ms - -[0m
[0mGET /api/notifications [36m304[0m 43.315 ms - -[0m
